<?xml version="1.0" encoding="UTF-8"?>
<robot generator="Robot 7.0 (Python 3.10.12 on linux)" generated="2024-05-08T12:10:19.608096" rpa="false" schemaversion="5">
<suite id="s1" name="Links" source="/home/ssihvola/Desktop/ssihvola.github.io/tests/links.robot">
<kw name="Set Log Level" owner="BuiltIn" type="SETUP">
<arg>INFO</arg>
<doc>Sets the log threshold to the specified level.</doc>
<status status="PASS" start="2024-05-08T12:10:19.753570" elapsed="0.000335"/>
</kw>
<test id="s1-t1" name="Check sitelinks" line="6">
<kw name="Open Browser" owner="SeleniumLibrary">
<msg time="2024-05-08T12:10:19.754904" level="INFO">Opening browser 'chrome' to base url 'https://samposihvola.com'.</msg>
<arg>url=https://samposihvola.com</arg>
<arg>browser=chrome</arg>
<doc>Opens a new browser instance to the optional ``url``.</doc>
<status status="PASS" start="2024-05-08T12:10:19.754582" elapsed="4.386052"/>
</kw>
<kw name="Click Link" owner="SeleniumLibrary">
<msg time="2024-05-08T12:10:24.142651" level="INFO">Clicking link 'works'.</msg>
<arg>works</arg>
<doc>Clicks a link identified by ``locator``.</doc>
<status status="PASS" start="2024-05-08T12:10:24.141448" elapsed="0.376796"/>
</kw>
<kw name="Page Should Contain" owner="SeleniumLibrary">
<msg time="2024-05-08T12:10:24.558815" level="INFO">Current page contains text 'Music'.</msg>
<arg>Music</arg>
<doc>Verifies that current page contains ``text``.</doc>
<status status="PASS" start="2024-05-08T12:10:24.520499" elapsed="0.038484"/>
</kw>
<kw name="Wait Until Page Contains" owner="SeleniumLibrary">
<arg>Music</arg>
<doc>Waits until ``text`` appears on the current page.</doc>
<status status="PASS" start="2024-05-08T12:10:24.559686" elapsed="0.010919"/>
</kw>
<kw name="Click Link" owner="SeleniumLibrary">
<msg time="2024-05-08T12:10:24.571200" level="INFO">Clicking link 'contact'.</msg>
<arg>contact</arg>
<doc>Clicks a link identified by ``locator``.</doc>
<status status="PASS" start="2024-05-08T12:10:24.570949" elapsed="0.479507"/>
</kw>
<kw name="Page Should Contain" owner="SeleniumLibrary">
<msg time="2024-05-08T12:10:25.083855" level="INFO">Current page contains text 'Contact'.</msg>
<arg>Contact</arg>
<doc>Verifies that current page contains ``text``.</doc>
<status status="PASS" start="2024-05-08T12:10:25.051794" elapsed="0.032254"/>
</kw>
<kw name="Wait Until Page Contains" owner="SeleniumLibrary">
<arg>Contact</arg>
<doc>Waits until ``text`` appears on the current page.</doc>
<status status="PASS" start="2024-05-08T12:10:25.084406" elapsed="0.012118"/>
</kw>
<kw name="Click Link" owner="SeleniumLibrary">
<msg time="2024-05-08T12:10:25.097242" level="INFO">Clicking link 'Sampo Sihvola'.</msg>
<arg>Sampo Sihvola</arg>
<doc>Clicks a link identified by ``locator``.</doc>
<status status="PASS" start="2024-05-08T12:10:25.096904" elapsed="0.090446"/>
</kw>
<kw name="Page Should Contain" owner="SeleniumLibrary">
<msg time="2024-05-08T12:10:25.207349" level="INFO">Current page contains text 'My name is Sampo Sihvola'.</msg>
<arg>My name is Sampo Sihvola</arg>
<doc>Verifies that current page contains ``text``.</doc>
<status status="PASS" start="2024-05-08T12:10:25.187837" elapsed="0.019633"/>
</kw>
<kw name="Wait Until Page Contains" owner="SeleniumLibrary">
<arg>My name is Sampo Sihvola</arg>
<doc>Waits until ``text`` appears on the current page.</doc>
<status status="PASS" start="2024-05-08T12:10:25.207803" elapsed="0.011296"/>
</kw>
<kw name="Click Link" owner="SeleniumLibrary">
<msg time="2024-05-08T12:10:25.219672" level="INFO">Clicking link 'works'.</msg>
<arg>works</arg>
<doc>Clicks a link identified by ``locator``.</doc>
<status status="PASS" start="2024-05-08T12:10:25.219407" elapsed="0.075046"/>
</kw>
<kw name="Click Link" owner="SeleniumLibrary">
<msg time="2024-05-08T12:10:25.295820" level="INFO">Clicking link 'home'.</msg>
<arg>home</arg>
<doc>Clicks a link identified by ``locator``.</doc>
<status status="PASS" start="2024-05-08T12:10:25.295105" elapsed="0.090708"/>
</kw>
<kw name="Page Should Contain" owner="SeleniumLibrary">
<msg time="2024-05-08T12:10:25.401316" level="INFO">Current page contains text 'My name is Sampo Sihvola'.</msg>
<arg>My name is Sampo Sihvola</arg>
<doc>Verifies that current page contains ``text``.</doc>
<status status="PASS" start="2024-05-08T12:10:25.386301" elapsed="0.015144"/>
</kw>
<kw name="Wait Until Page Contains" owner="SeleniumLibrary">
<arg>My name is Sampo Sihvola</arg>
<doc>Waits until ``text`` appears on the current page.</doc>
<status status="PASS" start="2024-05-08T12:10:25.401729" elapsed="0.009678"/>
</kw>
<kw name="Close Browser" owner="SeleniumLibrary">
<doc>Closes the current browser.</doc>
<status status="PASS" start="2024-05-08T12:10:25.411771" elapsed="0.067120"/>
</kw>
<status status="PASS" start="2024-05-08T12:10:19.754067" elapsed="5.725137"/>
</test>
<status status="PASS" start="2024-05-08T12:10:19.609153" elapsed="5.870609"/>
</suite>
<statistics>
<total>
<stat pass="1" fail="0" skip="0">All Tests</stat>
</total>
<tag>
</tag>
<suite>
<stat pass="1" fail="0" skip="0" id="s1" name="Links">Links</stat>
</suite>
</statistics>
<errors>
</errors>
</robot>
